\BOOKMARK [0][-]{chapter.1}{\376\377\0001\000\040\000N\000a\000m\000e\000s\000p\000a\000c\000e\000\040\000I\000n\000d\000e\000x}{}% 1
\BOOKMARK [1][-]{section.1.1}{\376\377\0001\000.\0001\000\040\000N\000a\000m\000e\000s\000p\000a\000c\000e\000\040\000L\000i\000s\000t}{chapter.1}% 2
\BOOKMARK [0][-]{chapter.2}{\376\377\0002\000\040\000H\000i\000e\000r\000a\000r\000c\000h\000i\000c\000a\000l\000\040\000I\000n\000d\000e\000x}{}% 3
\BOOKMARK [1][-]{section.2.1}{\376\377\0002\000.\0001\000\040\000C\000l\000a\000s\000s\000\040\000H\000i\000e\000r\000a\000r\000c\000h\000y}{chapter.2}% 4
\BOOKMARK [0][-]{chapter.3}{\376\377\0003\000\040\000C\000l\000a\000s\000s\000\040\000I\000n\000d\000e\000x}{}% 5
\BOOKMARK [1][-]{section.3.1}{\376\377\0003\000.\0001\000\040\000C\000l\000a\000s\000s\000\040\000L\000i\000s\000t}{chapter.3}% 6
\BOOKMARK [0][-]{chapter.4}{\376\377\0004\000\040\000N\000a\000m\000e\000s\000p\000a\000c\000e\000\040\000D\000o\000c\000u\000m\000e\000n\000t\000a\000t\000i\000o\000n}{}% 7
\BOOKMARK [1][-]{section.4.1}{\376\377\0004\000.\0001\000\040\000t\000e\000x\000l\000a\000.\000P\000a\000r\000s\000e\000r\000.\000B\000l\000o\000c\000k\000s\000.\000D\000e\000f\000a\000u\000l\000t\000B\000l\000o\000c\000k\000\040\000N\000a\000m\000e\000s\000p\000a\000c\000e\000\040\000R\000e\000f\000e\000r\000e\000n\000c\000e}{chapter.4}% 8
\BOOKMARK [2][-]{subsection.4.1.1}{\376\377\0004\000.\0001\000.\0001\000\040\000D\000e\000t\000a\000i\000l\000e\000d\000\040\000D\000e\000s\000c\000r\000i\000p\000t\000i\000o\000n}{section.4.1}% 9
\BOOKMARK [2][-]{subsection.4.1.2}{\376\377\0004\000.\0001\000.\0002\000\040\000V\000a\000r\000i\000a\000b\000l\000e\000\040\000D\000o\000c\000u\000m\000e\000n\000t\000a\000t\000i\000o\000n}{section.4.1}% 10
\BOOKMARK [3][-]{subsubsection.4.1.2.1}{\376\377\0004\000.\0001\000.\0002\000.\0001\000\040\000p\000a\000r\000s\000e\000r\000\137\000h\000o\000o\000k\000s}{subsection.4.1.2}% 11
\BOOKMARK [1][-]{section.4.2}{\376\377\0004\000.\0002\000\040\000t\000e\000x\000l\000a\000.\000P\000a\000r\000s\000e\000r\000.\000B\000l\000o\000c\000k\000s\000.\000U\000t\000i\000l\000i\000t\000i\000e\000s\000.\000C\000o\000m\000m\000a\000n\000d\000P\000a\000r\000s\000e\000r\000\040\000N\000a\000m\000e\000s\000p\000a\000c\000e\000\040\000R\000e\000f\000e\000r\000e\000n\000c\000e}{chapter.4}% 12
\BOOKMARK [2][-]{subsection.4.2.1}{\376\377\0004\000.\0002\000.\0001\000\040\000D\000e\000t\000a\000i\000l\000e\000d\000\040\000D\000e\000s\000c\000r\000i\000p\000t\000i\000o\000n}{section.4.2}% 13
\BOOKMARK [2][-]{subsection.4.2.2}{\376\377\0004\000.\0002\000.\0002\000\040\000F\000u\000n\000c\000t\000i\000o\000n\000\040\000D\000o\000c\000u\000m\000e\000n\000t\000a\000t\000i\000o\000n}{section.4.2}% 14
\BOOKMARK [3][-]{subsubsection.4.2.2.1}{\376\377\0004\000.\0002\000.\0002\000.\0001\000\040\000g\000e\000t\000\137\000c\000o\000m\000m\000a\000n\000d\000\137\000g\000r\000e\000e\000d\000y\000\050\000\051}{subsection.4.2.2}% 15
\BOOKMARK [3][-]{subsubsection.4.2.2.2}{\376\377\0004\000.\0002\000.\0002\000.\0002\000\040\000g\000e\000t\000\137\000c\000o\000m\000m\000a\000n\000d\000\137\000o\000p\000t\000i\000o\000n\000s\000\050\000\051}{subsection.4.2.2}% 16
\BOOKMARK [3][-]{subsubsection.4.2.2.3}{\376\377\0004\000.\0002\000.\0002\000.\0003\000\040\000g\000e\000t\000\137\000p\000a\000r\000e\000n\000t\000h\000e\000s\000i\000s\000\050\000\051}{subsection.4.2.2}% 17
\BOOKMARK [3][-]{subsubsection.4.2.2.4}{\376\377\0004\000.\0002\000.\0002\000.\0004\000\040\000p\000a\000r\000s\000e\000\137\000o\000p\000t\000i\000o\000n\000s\000\050\000\051}{subsection.4.2.2}% 18
\BOOKMARK [0][-]{chapter.5}{\376\377\0005\000\040\000C\000l\000a\000s\000s\000\040\000D\000o\000c\000u\000m\000e\000n\000t\000a\000t\000i\000o\000n}{}% 19
\BOOKMARK [1][-]{section.5.1}{\376\377\0005\000.\0001\000\040\000t\000e\000x\000l\000a\000.\000P\000a\000r\000s\000e\000r\000.\000B\000l\000o\000c\000k\000s\000.\000A\000b\000s\000t\000r\000a\000c\000t\000B\000l\000o\000c\000k\000.\000A\000b\000s\000t\000r\000a\000c\000t\000B\000l\000o\000c\000k\000\040\000C\000l\000a\000s\000s\000\040\000R\000e\000f\000e\000r\000e\000n\000c\000e}{chapter.5}% 20
\BOOKMARK [2][-]{subsection.5.1.1}{\376\377\0005\000.\0001\000.\0001\000\040\000D\000e\000t\000a\000i\000l\000e\000d\000\040\000D\000e\000s\000c\000r\000i\000p\000t\000i\000o\000n}{section.5.1}% 21
\BOOKMARK [1][-]{section.5.2}{\376\377\0005\000.\0002\000\040\000t\000e\000x\000l\000a\000.\000P\000a\000r\000s\000e\000r\000.\000B\000l\000o\000c\000k\000s\000.\000T\000e\000x\000t\000B\000l\000o\000c\000k\000s\000.\000A\000c\000c\000e\000n\000t\000e\000d\000L\000e\000t\000t\000e\000r\000B\000l\000o\000c\000k\000\040\000C\000l\000a\000s\000s\000\040\000R\000e\000f\000e\000r\000e\000n\000c\000e}{chapter.5}% 22
\BOOKMARK [1][-]{section.5.3}{\376\377\0005\000.\0003\000\040\000t\000e\000x\000l\000a\000.\000P\000a\000r\000s\000e\000r\000.\000B\000l\000o\000c\000k\000s\000.\000A\000l\000i\000g\000n\000m\000e\000n\000t\000B\000l\000o\000c\000k\000s\000.\000A\000l\000i\000g\000n\000m\000e\000n\000t\000B\000l\000o\000c\000k\000\040\000C\000l\000a\000s\000s\000\040\000R\000e\000f\000e\000r\000e\000n\000c\000e}{chapter.5}% 23
\BOOKMARK [2][-]{subsection.5.3.1}{\376\377\0005\000.\0003\000.\0001\000\040\000D\000e\000t\000a\000i\000l\000e\000d\000\040\000D\000e\000s\000c\000r\000i\000p\000t\000i\000o\000n}{section.5.3}% 24
\BOOKMARK [1][-]{section.5.4}{\376\377\0005\000.\0004\000\040\000t\000e\000x\000l\000a\000.\000P\000a\000r\000s\000e\000r\000.\000B\000l\000o\000c\000k\000s\000.\000B\000l\000o\000c\000k\000.\000B\000l\000o\000c\000k\000\040\000C\000l\000a\000s\000s\000\040\000R\000e\000f\000e\000r\000e\000n\000c\000e}{chapter.5}% 25
\BOOKMARK [2][-]{subsection.5.4.1}{\376\377\0005\000.\0004\000.\0001\000\040\000D\000e\000t\000a\000i\000l\000e\000d\000\040\000D\000e\000s\000c\000r\000i\000p\000t\000i\000o\000n}{section.5.4}% 26
\BOOKMARK [2][-]{subsection.5.4.2}{\376\377\0005\000.\0004\000.\0002\000\040\000C\000o\000n\000s\000t\000r\000u\000c\000t\000o\000r\000\040\000\046\000\040\000D\000e\000s\000t\000r\000u\000c\000t\000o\000r\000\040\000D\000o\000c\000u\000m\000e\000n\000t\000a\000t\000i\000o\000n}{section.5.4}% 27
\BOOKMARK [3][-]{subsubsection.5.4.2.1}{\376\377\0005\000.\0004\000.\0002\000.\0001\000\040\000\137\000\137\000i\000n\000i\000t\000\137\000\137\000\050\000\051}{subsection.5.4.2}% 28
\BOOKMARK [2][-]{subsection.5.4.3}{\376\377\0005\000.\0004\000.\0003\000\040\000M\000e\000m\000b\000e\000r\000\040\000F\000u\000n\000c\000t\000i\000o\000n\000\040\000D\000o\000c\000u\000m\000e\000n\000t\000a\000t\000i\000o\000n}{section.5.4}% 29
\BOOKMARK [3][-]{subsubsection.5.4.3.1}{\376\377\0005\000.\0004\000.\0003\000.\0001\000\040\000a\000d\000d\000\137\000c\000h\000i\000l\000d\000\137\000b\000l\000o\000c\000k\000\050\000\051}{subsection.5.4.3}% 30
\BOOKMARK [3][-]{subsubsection.5.4.3.2}{\376\377\0005\000.\0004\000.\0003\000.\0002\000\040\000a\000d\000d\000\137\000c\000h\000i\000l\000d\000r\000e\000n\000\137\000b\000l\000o\000c\000k\000s\000\050\000\051}{subsection.5.4.3}% 31
\BOOKMARK [3][-]{subsubsection.5.4.3.3}{\376\377\0005\000.\0004\000.\0003\000.\0003\000\040\000c\000h\000a\000n\000g\000e\000\137\000p\000a\000r\000e\000n\000t\000\137\000b\000l\000o\000c\000k\000\050\000\051}{subsection.5.4.3}% 32
\BOOKMARK [3][-]{subsubsection.5.4.3.4}{\376\377\0005\000.\0004\000.\0003\000.\0004\000\040\000n\000\137\000b\000l\000o\000c\000k\000s\000\050\000\051}{subsection.5.4.3}% 33
\BOOKMARK [3][-]{subsubsection.5.4.3.5}{\376\377\0005\000.\0004\000.\0003\000.\0005\000\040\000p\000a\000r\000s\000e\000\050\000\051}{subsection.5.4.3}% 34
\BOOKMARK [3][-]{subsubsection.5.4.3.6}{\376\377\0005\000.\0004\000.\0003\000.\0006\000\040\000t\000o\000\137\000j\000s\000o\000n\000\050\000\051}{subsection.5.4.3}% 35
\BOOKMARK [1][-]{section.5.5}{\376\377\0005\000.\0005\000\040\000t\000e\000x\000l\000a\000.\000P\000a\000r\000s\000e\000r\000.\000B\000l\000o\000c\000k\000s\000.\000B\000r\000e\000a\000k\000B\000l\000o\000c\000k\000s\000.\000B\000r\000e\000a\000k\000B\000l\000o\000c\000k\000\040\000C\000l\000a\000s\000s\000\040\000R\000e\000f\000e\000r\000e\000n\000c\000e}{chapter.5}% 36
\BOOKMARK [2][-]{subsection.5.5.1}{\376\377\0005\000.\0005\000.\0001\000\040\000D\000e\000t\000a\000i\000l\000e\000d\000\040\000D\000e\000s\000c\000r\000i\000p\000t\000i\000o\000n}{section.5.5}% 37
\BOOKMARK [1][-]{section.5.6}{\376\377\0005\000.\0006\000\040\000t\000e\000x\000l\000a\000.\000P\000a\000r\000s\000e\000r\000.\000B\000l\000o\000c\000k\000s\000.\000C\000l\000e\000a\000r\000B\000l\000o\000c\000k\000s\000.\000C\000l\000e\000a\000r\000B\000l\000o\000c\000k\000\040\000C\000l\000a\000s\000s\000\040\000R\000e\000f\000e\000r\000e\000n\000c\000e}{chapter.5}% 38
\BOOKMARK [2][-]{subsection.5.6.1}{\376\377\0005\000.\0006\000.\0001\000\040\000D\000e\000t\000a\000i\000l\000e\000d\000\040\000D\000e\000s\000c\000r\000i\000p\000t\000i\000o\000n}{section.5.6}% 39
\BOOKMARK [1][-]{section.5.7}{\376\377\0005\000.\0007\000\040\000t\000e\000x\000l\000a\000.\000P\000a\000r\000s\000e\000r\000.\000B\000l\000o\000c\000k\000s\000.\000T\000a\000b\000u\000l\000a\000r\000B\000l\000o\000c\000k\000s\000.\000C\000l\000i\000n\000e\000B\000l\000o\000c\000k\000\040\000C\000l\000a\000s\000s\000\040\000R\000e\000f\000e\000r\000e\000n\000c\000e}{chapter.5}% 40
\BOOKMARK [1][-]{section.5.8}{\376\377\0005\000.\0008\000\040\000t\000e\000x\000l\000a\000.\000P\000a\000r\000s\000e\000r\000.\000B\000l\000o\000c\000k\000s\000.\000C\000o\000m\000m\000a\000n\000d\000s\000G\000r\000o\000u\000p\000B\000l\000o\000c\000k\000.\000C\000o\000m\000m\000a\000n\000d\000s\000G\000r\000o\000u\000p\000B\000l\000o\000c\000k\000\040\000C\000l\000a\000s\000s\000\040\000R\000e\000f\000e\000r\000e\000n\000c\000e}{chapter.5}% 41
\BOOKMARK [2][-]{subsection.5.8.1}{\376\377\0005\000.\0008\000.\0001\000\040\000D\000e\000t\000a\000i\000l\000e\000d\000\040\000D\000e\000s\000c\000r\000i\000p\000t\000i\000o\000n}{section.5.8}% 42
\BOOKMARK [1][-]{section.5.9}{\376\377\0005\000.\0009\000\040\000t\000e\000x\000l\000a\000.\000P\000a\000r\000s\000e\000r\000.\000B\000l\000o\000c\000k\000s\000.\000D\000e\000f\000a\000u\000l\000t\000B\000l\000o\000c\000k\000.\000D\000e\000f\000a\000u\000l\000t\000B\000l\000o\000c\000k\000\040\000C\000l\000a\000s\000s\000\040\000R\000e\000f\000e\000r\000e\000n\000c\000e}{chapter.5}% 43
\BOOKMARK [2][-]{subsection.5.9.1}{\376\377\0005\000.\0009\000.\0001\000\040\000D\000e\000t\000a\000i\000l\000e\000d\000\040\000D\000e\000s\000c\000r\000i\000p\000t\000i\000o\000n}{section.5.9}% 44
\BOOKMARK [2][-]{subsection.5.9.2}{\376\377\0005\000.\0009\000.\0002\000\040\000C\000o\000n\000s\000t\000r\000u\000c\000t\000o\000r\000\040\000\046\000\040\000D\000e\000s\000t\000r\000u\000c\000t\000o\000r\000\040\000D\000o\000c\000u\000m\000e\000n\000t\000a\000t\000i\000o\000n}{section.5.9}% 45
\BOOKMARK [3][-]{subsubsection.5.9.2.1}{\376\377\0005\000.\0009\000.\0002\000.\0001\000\040\000\137\000\137\000i\000n\000i\000t\000\137\000\137\000\050\000\051}{subsection.5.9.2}% 46
\BOOKMARK [1][-]{section.5.10}{\376\377\0005\000.\0001\0000\000\040\000t\000e\000x\000l\000a\000.\000P\000a\000r\000s\000e\000r\000.\000B\000l\000o\000c\000k\000s\000.\000D\000o\000c\000u\000m\000e\000n\000t\000B\000l\000o\000c\000k\000.\000D\000o\000c\000u\000m\000e\000n\000t\000B\000l\000o\000c\000k\000\040\000C\000l\000a\000s\000s\000\040\000R\000e\000f\000e\000r\000e\000n\000c\000e}{chapter.5}% 47
\BOOKMARK [1][-]{section.5.11}{\376\377\0005\000.\0001\0001\000\040\000t\000e\000x\000l\000a\000.\000P\000a\000r\000s\000e\000r\000.\000B\000l\000o\000c\000k\000s\000.\000D\000o\000t\000B\000l\000o\000c\000k\000.\000D\000o\000t\000s\000B\000l\000o\000c\000k\000\040\000C\000l\000a\000s\000s\000\040\000R\000e\000f\000e\000r\000e\000n\000c\000e}{chapter.5}% 48
\BOOKMARK [1][-]{section.5.12}{\376\377\0005\000.\0001\0002\000\040\000t\000e\000x\000l\000a\000.\000P\000a\000r\000s\000e\000r\000.\000B\000l\000o\000c\000k\000s\000.\000F\000i\000g\000u\000r\000e\000B\000l\000o\000c\000k\000s\000.\000F\000i\000g\000u\000r\000e\000B\000l\000o\000c\000k\000\040\000C\000l\000a\000s\000s\000\040\000R\000e\000f\000e\000r\000e\000n\000c\000e}{chapter.5}% 49
\BOOKMARK [2][-]{subsection.5.12.1}{\376\377\0005\000.\0001\0002\000.\0001\000\040\000D\000e\000t\000a\000i\000l\000e\000d\000\040\000D\000e\000s\000c\000r\000i\000p\000t\000i\000o\000n}{section.5.12}% 50
\BOOKMARK [1][-]{section.5.13}{\376\377\0005\000.\0001\0003\000\040\000t\000e\000x\000l\000a\000.\000P\000a\000r\000s\000e\000r\000.\000B\000l\000o\000c\000k\000s\000.\000N\000o\000t\000e\000B\000l\000o\000c\000k\000s\000.\000F\000o\000o\000t\000n\000o\000t\000e\000B\000l\000o\000c\000k\000\040\000C\000l\000a\000s\000s\000\040\000R\000e\000f\000e\000r\000e\000n\000c\000e}{chapter.5}% 51
\BOOKMARK [2][-]{subsection.5.13.1}{\376\377\0005\000.\0001\0003\000.\0001\000\040\000D\000e\000t\000a\000i\000l\000e\000d\000\040\000D\000e\000s\000c\000r\000i\000p\000t\000i\000o\000n}{section.5.13}% 52
\BOOKMARK [1][-]{section.5.14}{\376\377\0005\000.\0001\0004\000\040\000t\000e\000x\000l\000a\000.\000P\000a\000r\000s\000e\000r\000.\000B\000l\000o\000c\000k\000s\000.\000F\000o\000r\000m\000a\000t\000t\000i\000n\000g\000B\000l\000o\000c\000k\000s\000.\000F\000o\000r\000m\000a\000t\000t\000i\000n\000g\000G\000r\000o\000u\000p\000B\000l\000o\000c\000k\000\040\000C\000l\000a\000s\000s\000\040\000R\000e\000f\000e\000r\000e\000n\000c\000e}{chapter.5}% 53
\BOOKMARK [2][-]{subsection.5.14.1}{\376\377\0005\000.\0001\0004\000.\0001\000\040\000D\000e\000t\000a\000i\000l\000e\000d\000\040\000D\000e\000s\000c\000r\000i\000p\000t\000i\000o\000n}{section.5.14}% 54
\BOOKMARK [1][-]{section.5.15}{\376\377\0005\000.\0001\0005\000\040\000t\000e\000x\000l\000a\000.\000P\000a\000r\000s\000e\000r\000.\000B\000l\000o\000c\000k\000s\000.\000F\000o\000r\000m\000a\000t\000t\000i\000n\000g\000B\000l\000o\000c\000k\000s\000.\000F\000o\000r\000m\000a\000t\000t\000i\000n\000g\000T\000e\000x\000t\000B\000l\000o\000c\000k\000\040\000C\000l\000a\000s\000s\000\040\000R\000e\000f\000e\000r\000e\000n\000c\000e}{chapter.5}% 55
\BOOKMARK [1][-]{section.5.16}{\376\377\0005\000.\0001\0006\000\040\000t\000e\000x\000l\000a\000.\000P\000a\000r\000s\000e\000r\000.\000B\000l\000o\000c\000k\000s\000.\000H\000e\000a\000d\000e\000r\000B\000l\000o\000c\000k\000.\000H\000e\000a\000d\000e\000r\000B\000l\000o\000c\000k\000\040\000C\000l\000a\000s\000s\000\040\000R\000e\000f\000e\000r\000e\000n\000c\000e}{chapter.5}% 56
\BOOKMARK [2][-]{subsection.5.16.1}{\376\377\0005\000.\0001\0006\000.\0001\000\040\000D\000e\000t\000a\000i\000l\000e\000d\000\040\000D\000e\000s\000c\000r\000i\000p\000t\000i\000o\000n}{section.5.16}% 57
\BOOKMARK [1][-]{section.5.17}{\376\377\0005\000.\0001\0007\000\040\000t\000e\000x\000l\000a\000.\000P\000a\000r\000s\000e\000r\000.\000B\000l\000o\000c\000k\000s\000.\000T\000a\000b\000u\000l\000a\000r\000B\000l\000o\000c\000k\000s\000.\000H\000l\000i\000n\000e\000B\000l\000o\000c\000k\000\040\000C\000l\000a\000s\000s\000\040\000R\000e\000f\000e\000r\000e\000n\000c\000e}{chapter.5}% 58
\BOOKMARK [1][-]{section.5.18}{\376\377\0005\000.\0001\0008\000\040\000t\000e\000x\000l\000a\000.\000P\000a\000r\000s\000e\000r\000.\000B\000l\000o\000c\000k\000s\000.\000F\000i\000g\000u\000r\000e\000B\000l\000o\000c\000k\000s\000.\000I\000n\000c\000l\000u\000d\000e\000G\000r\000a\000p\000h\000i\000c\000s\000B\000l\000o\000c\000k\000\040\000C\000l\000a\000s\000s\000\040\000R\000e\000f\000e\000r\000e\000n\000c\000e}{chapter.5}% 59
\BOOKMARK [1][-]{section.5.19}{\376\377\0005\000.\0001\0009\000\040\000t\000e\000x\000l\000a\000.\000P\000a\000r\000s\000e\000r\000.\000B\000l\000o\000c\000k\000s\000.\000L\000i\000s\000t\000B\000l\000o\000c\000k\000s\000.\000I\000t\000e\000m\000B\000l\000o\000c\000k\000\040\000C\000l\000a\000s\000s\000\040\000R\000e\000f\000e\000r\000e\000n\000c\000e}{chapter.5}% 60
\BOOKMARK [2][-]{subsection.5.19.1}{\376\377\0005\000.\0001\0009\000.\0001\000\040\000D\000e\000t\000a\000i\000l\000e\000d\000\040\000D\000e\000s\000c\000r\000i\000p\000t\000i\000o\000n}{section.5.19}% 61
\BOOKMARK [1][-]{section.5.20}{\376\377\0005\000.\0002\0000\000\040\000t\000e\000x\000l\000a\000.\000P\000a\000r\000s\000e\000r\000.\000B\000l\000o\000c\000k\000s\000.\000R\000e\000f\000e\000r\000e\000n\000c\000e\000B\000l\000o\000c\000k\000s\000.\000L\000a\000b\000e\000l\000B\000l\000o\000c\000k\000\040\000C\000l\000a\000s\000s\000\040\000R\000e\000f\000e\000r\000e\000n\000c\000e}{chapter.5}% 62
\BOOKMARK [2][-]{subsection.5.20.1}{\376\377\0005\000.\0002\0000\000.\0001\000\040\000D\000e\000t\000a\000i\000l\000e\000d\000\040\000D\000e\000s\000c\000r\000i\000p\000t\000i\000o\000n}{section.5.20}% 63
\BOOKMARK [1][-]{section.5.21}{\376\377\0005\000.\0002\0001\000\040\000t\000e\000x\000l\000a\000.\000P\000a\000r\000s\000e\000r\000.\000B\000l\000o\000c\000k\000s\000.\000L\000i\000s\000t\000B\000l\000o\000c\000k\000s\000.\000L\000i\000s\000t\000B\000l\000o\000c\000k\000\040\000C\000l\000a\000s\000s\000\040\000R\000e\000f\000e\000r\000e\000n\000c\000e}{chapter.5}% 64
\BOOKMARK [2][-]{subsection.5.21.1}{\376\377\0005\000.\0002\0001\000.\0001\000\040\000D\000e\000t\000a\000i\000l\000e\000d\000\040\000D\000e\000s\000c\000r\000i\000p\000t\000i\000o\000n}{section.5.21}% 65
\BOOKMARK [2][-]{subsection.5.21.2}{\376\377\0005\000.\0002\0001\000.\0002\000\040\000M\000e\000m\000b\000e\000r\000\040\000F\000u\000n\000c\000t\000i\000o\000n\000\040\000D\000o\000c\000u\000m\000e\000n\000t\000a\000t\000i\000o\000n}{section.5.21}% 66
\BOOKMARK [3][-]{subsubsection.5.21.2.1}{\376\377\0005\000.\0002\0001\000.\0002\000.\0001\000\040\000p\000a\000r\000s\000e\000\050\000\051}{subsection.5.21.2}% 67
\BOOKMARK [1][-]{section.5.22}{\376\377\0005\000.\0002\0002\000\040\000t\000e\000x\000l\000a\000.\000P\000a\000r\000s\000e\000r\000.\000B\000l\000o\000c\000k\000s\000.\000U\000t\000i\000l\000i\000t\000i\000e\000s\000.\000M\000a\000c\000r\000o\000P\000a\000r\000s\000e\000r\000.\000M\000a\000c\000r\000o\000\040\000C\000l\000a\000s\000s\000\040\000R\000e\000f\000e\000r\000e\000n\000c\000e}{chapter.5}% 68
\BOOKMARK [2][-]{subsection.5.22.1}{\376\377\0005\000.\0002\0002\000.\0001\000\040\000D\000e\000t\000a\000i\000l\000e\000d\000\040\000D\000e\000s\000c\000r\000i\000p\000t\000i\000o\000n}{section.5.22}% 69
\BOOKMARK [2][-]{subsection.5.22.2}{\376\377\0005\000.\0002\0002\000.\0002\000\040\000M\000e\000m\000b\000e\000r\000\040\000F\000u\000n\000c\000t\000i\000o\000n\000\040\000D\000o\000c\000u\000m\000e\000n\000t\000a\000t\000i\000o\000n}{section.5.22}% 70
\BOOKMARK [3][-]{subsubsection.5.22.2.1}{\376\377\0005\000.\0002\0002\000.\0002\000.\0001\000\040\000g\000e\000t\000\137\000t\000e\000x\000\050\000\051}{subsection.5.22.2}% 71
\BOOKMARK [3][-]{subsubsection.5.22.2.2}{\376\377\0005\000.\0002\0002\000.\0002\000.\0002\000\040\000p\000a\000r\000s\000e\000\137\000m\000a\000c\000r\000o\000\050\000\051}{subsection.5.22.2}% 72
\BOOKMARK [1][-]{section.5.23}{\376\377\0005\000.\0002\0003\000\040\000t\000e\000x\000l\000a\000.\000P\000a\000r\000s\000e\000r\000.\000B\000l\000o\000c\000k\000s\000.\000M\000a\000t\000h\000B\000l\000o\000c\000k\000s\000.\000M\000a\000t\000h\000B\000l\000o\000c\000k\000\040\000C\000l\000a\000s\000s\000\040\000R\000e\000f\000e\000r\000e\000n\000c\000e}{chapter.5}% 73
\BOOKMARK [2][-]{subsection.5.23.1}{\376\377\0005\000.\0002\0003\000.\0001\000\040\000M\000e\000m\000b\000e\000r\000\040\000F\000u\000n\000c\000t\000i\000o\000n\000\040\000D\000o\000c\000u\000m\000e\000n\000t\000a\000t\000i\000o\000n}{section.5.23}% 74
\BOOKMARK [3][-]{subsubsection.5.23.1.1}{\376\377\0005\000.\0002\0003\000.\0001\000.\0001\000\040\000p\000a\000r\000s\000e\000\137\000e\000n\000s\000u\000r\000e\000\137\000m\000a\000t\000h\000\050\000\051}{subsection.5.23.1}% 75
\BOOKMARK [3][-]{subsubsection.5.23.1.2}{\376\377\0005\000.\0002\0003\000.\0001\000.\0002\000\040\000p\000a\000r\000s\000e\000\137\000l\000a\000b\000e\000l\000s\000\050\000\051}{subsection.5.23.1}% 76
\BOOKMARK [3][-]{subsubsection.5.23.1.3}{\376\377\0005\000.\0002\0003\000.\0001\000.\0003\000\040\000p\000a\000r\000s\000e\000\137\000m\000a\000t\000h\000\137\000e\000n\000v\000\050\000\051}{subsection.5.23.1}% 77
\BOOKMARK [1][-]{section.5.24}{\376\377\0005\000.\0002\0004\000\040\000t\000e\000x\000l\000a\000.\000R\000e\000n\000d\000e\000r\000e\000r\000s\000.\000M\000e\000d\000i\000a\000W\000i\000k\000i\000R\000e\000n\000d\000e\000r\000e\000r\000.\000M\000e\000d\000i\000a\000W\000i\000k\000i\000R\000e\000n\000d\000e\000r\000e\000r\000\040\000C\000l\000a\000s\000s\000\040\000R\000e\000f\000e\000r\000e\000n\000c\000e}{chapter.5}% 78
\BOOKMARK [2][-]{subsection.5.24.1}{\376\377\0005\000.\0002\0004\000.\0001\000\040\000M\000e\000m\000b\000e\000r\000\040\000F\000u\000n\000c\000t\000i\000o\000n\000\040\000D\000o\000c\000u\000m\000e\000n\000t\000a\000t\000i\000o\000n}{section.5.24}% 79
\BOOKMARK [3][-]{subsubsection.5.24.1.1}{\376\377\0005\000.\0002\0004\000.\0001\000.\0001\000\040\000g\000e\000t\000\137\000r\000e\000n\000d\000e\000r\000\137\000h\000o\000o\000k\000s\000\050\000\051}{subsection.5.24.1}% 80
\BOOKMARK [3][-]{subsubsection.5.24.1.2}{\376\377\0005\000.\0002\0004\000.\0001\000.\0002\000\040\000s\000t\000a\000r\000t\000\137\000r\000e\000n\000d\000e\000r\000i\000n\000g\000\050\000\051}{subsection.5.24.1}% 81
\BOOKMARK [1][-]{section.5.25}{\376\377\0005\000.\0002\0005\000\040\000t\000e\000x\000l\000a\000.\000P\000a\000r\000s\000e\000r\000.\000B\000l\000o\000c\000k\000s\000.\000B\000r\000e\000a\000k\000B\000l\000o\000c\000k\000s\000.\000N\000e\000w\000l\000i\000n\000e\000B\000l\000o\000c\000k\000\040\000C\000l\000a\000s\000s\000\040\000R\000e\000f\000e\000r\000e\000n\000c\000e}{chapter.5}% 82
\BOOKMARK [1][-]{section.5.26}{\376\377\0005\000.\0002\0006\000\040\000t\000e\000x\000l\000a\000.\000P\000a\000r\000s\000e\000r\000.\000B\000l\000o\000c\000k\000s\000.\000B\000r\000e\000a\000k\000B\000l\000o\000c\000k\000s\000.\000N\000e\000w\000P\000a\000g\000e\000B\000l\000o\000c\000k\000\040\000C\000l\000a\000s\000s\000\040\000R\000e\000f\000e\000r\000e\000n\000c\000e}{chapter.5}% 83
\BOOKMARK [1][-]{section.5.27}{\376\377\0005\000.\0002\0007\000\040\000t\000e\000x\000l\000a\000.\000P\000a\000r\000s\000e\000r\000.\000B\000l\000o\000c\000k\000s\000.\000N\000o\000O\000p\000t\000C\000o\000m\000m\000a\000n\000d\000B\000l\000o\000c\000k\000.\000N\000o\000O\000p\000t\000C\000o\000m\000m\000a\000n\000d\000B\000l\000o\000c\000k\000\040\000C\000l\000a\000s\000s\000\040\000R\000e\000f\000e\000r\000e\000n\000c\000e}{chapter.5}% 84
\BOOKMARK [2][-]{subsection.5.27.1}{\376\377\0005\000.\0002\0007\000.\0001\000\040\000D\000e\000t\000a\000i\000l\000e\000d\000\040\000D\000e\000s\000c\000r\000i\000p\000t\000i\000o\000n}{section.5.27}% 85
\BOOKMARK [1][-]{section.5.28}{\376\377\0005\000.\0002\0008\000\040\000t\000e\000x\000l\000a\000.\000P\000a\000g\000e\000T\000r\000e\000e\000.\000P\000a\000g\000e\000.\000P\000a\000g\000e\000\040\000C\000l\000a\000s\000s\000\040\000R\000e\000f\000e\000r\000e\000n\000c\000e}{chapter.5}% 86
\BOOKMARK [2][-]{subsection.5.28.1}{\376\377\0005\000.\0002\0008\000.\0001\000\040\000D\000e\000t\000a\000i\000l\000e\000d\000\040\000D\000e\000s\000c\000r\000i\000p\000t\000i\000o\000n}{section.5.28}% 87
\BOOKMARK [2][-]{subsection.5.28.2}{\376\377\0005\000.\0002\0008\000.\0002\000\040\000M\000e\000m\000b\000e\000r\000\040\000F\000u\000n\000c\000t\000i\000o\000n\000\040\000D\000o\000c\000u\000m\000e\000n\000t\000a\000t\000i\000o\000n}{section.5.28}% 88
\BOOKMARK [3][-]{subsubsection.5.28.2.1}{\376\377\0005\000.\0002\0008\000.\0002\000.\0001\000\040\000a\000d\000d\000S\000u\000b\000p\000a\000g\000e\000\050\000\051}{subsection.5.28.2}% 89
\BOOKMARK [3][-]{subsubsection.5.28.2.2}{\376\377\0005\000.\0002\0008\000.\0002\000.\0002\000\040\000a\000d\000d\000S\000u\000b\000p\000a\000g\000e\000\137\000t\000o\000p\000\050\000\051}{subsection.5.28.2}% 90
\BOOKMARK [3][-]{subsubsection.5.28.2.3}{\376\377\0005\000.\0002\0008\000.\0002\000.\0003\000\040\000a\000d\000d\000S\000u\000b\000p\000a\000g\000e\000s\000\050\000\051}{subsection.5.28.2}% 91
\BOOKMARK [3][-]{subsubsection.5.28.2.4}{\376\377\0005\000.\0002\0008\000.\0002\000.\0004\000\040\000a\000f\000t\000e\000r\000\137\000r\000e\000n\000d\000e\000r\000\050\000\051}{subsection.5.28.2}% 92
\BOOKMARK [3][-]{subsubsection.5.28.2.5}{\376\377\0005\000.\0002\0008\000.\0002\000.\0005\000\040\000c\000o\000l\000l\000a\000p\000s\000e\000S\000u\000b\000p\000a\000g\000e\000s\000\050\000\051}{subsection.5.28.2}% 93
\BOOKMARK [3][-]{subsubsection.5.28.2.6}{\376\377\0005\000.\0002\0008\000.\0002\000.\0006\000\040\000c\000o\000l\000l\000a\000p\000s\000e\000U\000R\000L\000\050\000\051}{subsection.5.28.2}% 94
\BOOKMARK [3][-]{subsubsection.5.28.2.7}{\376\377\0005\000.\0002\0008\000.\0002\000.\0007\000\040\000f\000i\000x\000\137\000t\000e\000x\000t\000\137\000c\000h\000a\000r\000a\000c\000t\000e\000r\000s\000\050\000\051}{subsection.5.28.2}% 95
\BOOKMARK [3][-]{subsubsection.5.28.2.8}{\376\377\0005\000.\0002\0008\000.\0002\000.\0008\000\040\000f\000i\000x\000R\000e\000f\000e\000r\000e\000n\000c\000e\000s\000\050\000\051}{subsection.5.28.2}% 96
\BOOKMARK [3][-]{subsubsection.5.28.2.9}{\376\377\0005\000.\0002\0008\000.\0002\000.\0009\000\040\000g\000e\000t\000\137\000j\000s\000o\000n\000\137\000d\000i\000c\000t\000i\000o\000n\000a\000r\000y\000\050\000\051}{subsection.5.28.2}% 97
\BOOKMARK [3][-]{subsubsection.5.28.2.10}{\376\377\0005\000.\0002\0008\000.\0002\000.\0001\0000\000\040\000g\000e\000t\000\137\000s\000u\000b\000p\000a\000g\000e\000s\000\050\000\051}{subsection.5.28.2}% 98
\BOOKMARK [3][-]{subsubsection.5.28.2.11}{\376\377\0005\000.\0002\0008\000.\0002\000.\0001\0001\000\040\000i\000s\000\137\000m\000a\000t\000h\000\137\000i\000n\000s\000i\000d\000e\000\137\000t\000i\000t\000l\000e\000\050\000\051}{subsection.5.28.2}% 99
\BOOKMARK [3][-]{subsubsection.5.28.2.12}{\376\377\0005\000.\0002\0008\000.\0002\000.\0001\0002\000\040\000r\000e\000f\000r\000e\000s\000h\000\137\000l\000e\000v\000e\000l\000\050\000\051}{subsection.5.28.2}% 100
\BOOKMARK [3][-]{subsubsection.5.28.2.13}{\376\377\0005\000.\0002\0008\000.\0002\000.\0001\0003\000\040\000r\000e\000m\000o\000v\000e\000S\000u\000b\000p\000a\000g\000e\000\050\000\051}{subsection.5.28.2}% 101
\BOOKMARK [1][-]{section.5.29}{\376\377\0005\000.\0002\0009\000\040\000t\000e\000x\000l\000a\000.\000P\000a\000g\000e\000T\000r\000e\000e\000.\000P\000a\000g\000e\000T\000r\000e\000e\000.\000P\000a\000g\000e\000T\000r\000e\000e\000\040\000C\000l\000a\000s\000s\000\040\000R\000e\000f\000e\000r\000e\000n\000c\000e}{chapter.5}% 102
\BOOKMARK [2][-]{subsection.5.29.1}{\376\377\0005\000.\0002\0009\000.\0001\000\040\000M\000e\000m\000b\000e\000r\000\040\000F\000u\000n\000c\000t\000i\000o\000n\000\040\000D\000o\000c\000u\000m\000e\000n\000t\000a\000t\000i\000o\000n}{section.5.29}% 103
\BOOKMARK [3][-]{subsubsection.5.29.1.1}{\376\377\0005\000.\0002\0009\000.\0001\000.\0001\000\040\000a\000f\000t\000e\000r\000\137\000r\000e\000n\000d\000e\000r\000\050\000\051}{subsection.5.29.1}% 104
\BOOKMARK [3][-]{subsubsection.5.29.1.2}{\376\377\0005\000.\0002\0009\000.\0001\000.\0002\000\040\000c\000o\000l\000l\000a\000p\000s\000e\000\137\000c\000o\000n\000t\000e\000n\000t\000\137\000l\000e\000v\000e\000l\000\050\000\051}{subsection.5.29.1}% 105
\BOOKMARK [3][-]{subsubsection.5.29.1.3}{\376\377\0005\000.\0002\0009\000.\0001\000.\0003\000\040\000c\000o\000l\000l\000a\000p\000s\000e\000\137\000p\000a\000g\000e\000\137\000l\000e\000v\000e\000l\000\050\000\051}{subsection.5.29.1}% 106
\BOOKMARK [3][-]{subsubsection.5.29.1.4}{\376\377\0005\000.\0002\0009\000.\0001\000.\0004\000\040\000c\000o\000l\000l\000a\000p\000s\000e\000\137\000t\000r\000e\000e\000\050\000\051}{subsection.5.29.1}% 107
\BOOKMARK [3][-]{subsubsection.5.29.1.5}{\376\377\0005\000.\0002\0009\000.\0001\000.\0005\000\040\000c\000o\000l\000l\000a\000p\000s\000e\000\137\000u\000r\000l\000s\000\050\000\051}{subsection.5.29.1}% 108
\BOOKMARK [3][-]{subsubsection.5.29.1.6}{\376\377\0005\000.\0002\0009\000.\0001\000.\0006\000\040\000c\000r\000e\000a\000t\000e\000\137\000b\000o\000o\000k\000\137\000i\000n\000d\000e\000x\000\050\000\051}{subsection.5.29.1}% 109
\BOOKMARK [3][-]{subsubsection.5.29.1.7}{\376\377\0005\000.\0002\0009\000.\0001\000.\0007\000\040\000c\000r\000e\000a\000t\000e\000\137\000i\000n\000d\000e\000x\000e\000s\000\050\000\051}{subsection.5.29.1}% 110
\BOOKMARK [3][-]{subsubsection.5.29.1.8}{\376\377\0005\000.\0002\0009\000.\0001\000.\0008\000\040\000c\000r\000e\000a\000t\000e\000\137\000s\000e\000c\000t\000i\000o\000n\000s\000\137\000i\000n\000d\000e\000x\000\050\000\051}{subsection.5.29.1}% 111
\BOOKMARK [3][-]{subsubsection.5.29.1.9}{\376\377\0005\000.\0002\0009\000.\0001\000.\0009\000\040\000c\000r\000e\000a\000t\000e\000P\000a\000g\000e\000\050\000\051}{subsection.5.29.1}% 112
\BOOKMARK [3][-]{subsubsection.5.29.1.10}{\376\377\0005\000.\0002\0009\000.\0001\000.\0001\0000\000\040\000e\000x\000i\000t\000P\000a\000g\000e\000\050\000\051}{subsection.5.29.1}% 113
\BOOKMARK [3][-]{subsubsection.5.29.1.11}{\376\377\0005\000.\0002\0009\000.\0001\000.\0001\0001\000\040\000f\000i\000x\000\137\000r\000e\000f\000e\000r\000e\000n\000c\000e\000s\000\050\000\051}{subsection.5.29.1}% 114
\BOOKMARK [3][-]{subsubsection.5.29.1.12}{\376\377\0005\000.\0002\0009\000.\0001\000.\0001\0002\000\040\000g\000e\000t\000\137\000n\000o\000r\000m\000a\000l\000i\000z\000e\000d\000\137\000t\000i\000t\000l\000e\000\050\000\051}{subsection.5.29.1}% 115
\BOOKMARK [3][-]{subsubsection.5.29.1.13}{\376\377\0005\000.\0002\0009\000.\0001\000.\0001\0003\000\040\000g\000e\000t\000\137\000t\000r\000e\000e\000\137\000d\000e\000b\000u\000g\000\050\000\051}{subsection.5.29.1}% 116
\BOOKMARK [3][-]{subsubsection.5.29.1.14}{\376\377\0005\000.\0002\0009\000.\0001\000.\0001\0004\000\040\000g\000e\000t\000\137\000t\000r\000e\000e\000\137\000j\000s\000o\000n\000\050\000\051}{subsection.5.29.1}% 117
\BOOKMARK [3][-]{subsubsection.5.29.1.15}{\376\377\0005\000.\0002\0009\000.\0001\000.\0001\0005\000\040\000r\000e\000m\000o\000v\000e\000\137\000p\000a\000g\000e\000\137\000f\000r\000o\000m\000\137\000t\000r\000e\000e\000\050\000\051}{subsection.5.29.1}% 118
\BOOKMARK [1][-]{section.5.30}{\376\377\0005\000.\0003\0000\000\040\000t\000e\000x\000l\000a\000.\000P\000a\000r\000s\000e\000r\000.\000B\000l\000o\000c\000k\000s\000.\000B\000r\000e\000a\000k\000B\000l\000o\000c\000k\000s\000.\000P\000a\000r\000B\000l\000o\000c\000k\000\040\000C\000l\000a\000s\000s\000\040\000R\000e\000f\000e\000r\000e\000n\000c\000e}{chapter.5}% 119
\BOOKMARK [2][-]{subsection.5.30.1}{\376\377\0005\000.\0003\0000\000.\0001\000\040\000D\000e\000t\000a\000i\000l\000e\000d\000\040\000D\000e\000s\000c\000r\000i\000p\000t\000i\000o\000n}{section.5.30}% 120
\BOOKMARK [1][-]{section.5.31}{\376\377\0005\000.\0003\0001\000\040\000t\000e\000x\000l\000a\000.\000P\000a\000r\000s\000e\000r\000.\000P\000a\000r\000s\000e\000r\000.\000P\000a\000r\000s\000e\000r\000\040\000C\000l\000a\000s\000s\000\040\000R\000e\000f\000e\000r\000e\000n\000c\000e}{chapter.5}% 121
\BOOKMARK [2][-]{subsection.5.31.1}{\376\377\0005\000.\0003\0001\000.\0001\000\040\000M\000e\000m\000b\000e\000r\000\040\000F\000u\000n\000c\000t\000i\000o\000n\000\040\000D\000o\000c\000u\000m\000e\000n\000t\000a\000t\000i\000o\000n}{section.5.31}% 122
\BOOKMARK [3][-]{subsubsection.5.31.1.1}{\376\377\0005\000.\0003\0001\000.\0001\000.\0001\000\040\000c\000a\000l\000l\000\137\000p\000a\000r\000s\000e\000r\000\137\000h\000o\000o\000k\000\050\000\051}{subsection.5.31.1}% 123
\BOOKMARK [3][-]{subsubsection.5.31.1.2}{\376\377\0005\000.\0003\0001\000.\0001\000.\0002\000\040\000p\000a\000r\000s\000e\000\050\000\051}{subsection.5.31.1}% 124
\BOOKMARK [3][-]{subsubsection.5.31.1.3}{\376\377\0005\000.\0003\0001\000.\0001\000.\0003\000\040\000p\000a\000r\000s\000e\000\137\000c\000o\000m\000m\000a\000n\000d\000\050\000\051}{subsection.5.31.1}% 125
\BOOKMARK [3][-]{subsubsection.5.31.1.4}{\376\377\0005\000.\0003\0001\000.\0001\000.\0004\000\040\000p\000a\000r\000s\000e\000\137\000c\000o\000m\000m\000a\000n\000d\000s\000\137\000g\000r\000o\000u\000p\000\050\000\051}{subsection.5.31.1}% 126
\BOOKMARK [3][-]{subsubsection.5.31.1.5}{\376\377\0005\000.\0003\0001\000.\0001\000.\0005\000\040\000p\000a\000r\000s\000e\000\137\000e\000n\000v\000i\000r\000o\000m\000e\000n\000t\000\050\000\051}{subsection.5.31.1}% 127
\BOOKMARK [3][-]{subsubsection.5.31.1.6}{\376\377\0005\000.\0003\0001\000.\0001\000.\0006\000\040\000p\000a\000r\000s\000e\000\137\000i\000n\000s\000t\000r\000u\000c\000t\000i\000o\000n\000s\000\050\000\051}{subsection.5.31.1}% 128
\BOOKMARK [3][-]{subsubsection.5.31.1.7}{\376\377\0005\000.\0003\0001\000.\0001\000.\0007\000\040\000p\000a\000r\000s\000e\000\137\000l\000e\000t\000t\000e\000r\000\137\000c\000o\000m\000m\000a\000n\000d\000\050\000\051}{subsection.5.31.1}% 129
\BOOKMARK [3][-]{subsubsection.5.31.1.8}{\376\377\0005\000.\0003\0001\000.\0001\000.\0008\000\040\000p\000a\000r\000s\000e\000\137\000m\000a\000t\000h\000\050\000\051}{subsection.5.31.1}% 130
\BOOKMARK [3][-]{subsubsection.5.31.1.9}{\376\377\0005\000.\0003\0001\000.\0001\000.\0009\000\040\000p\000a\000r\000s\000e\000\137\000p\000l\000a\000i\000n\000\137\000t\000e\000x\000t\000\050\000\051}{subsection.5.31.1}% 131
\BOOKMARK [3][-]{subsubsection.5.31.1.10}{\376\377\0005\000.\0003\0001\000.\0001\000.\0001\0000\000\040\000p\000a\000r\000s\000e\000\137\000s\000e\000c\000t\000i\000o\000n\000s\000\050\000\051}{subsection.5.31.1}% 132
\BOOKMARK [3][-]{subsubsection.5.31.1.11}{\376\377\0005\000.\0003\0001\000.\0001\000.\0001\0001\000\040\000p\000a\000r\000s\000e\000\137\000s\000p\000e\000c\000i\000a\000l\000\137\000c\000h\000a\000r\000a\000c\000t\000e\000r\000\050\000\051}{subsection.5.31.1}% 133
\BOOKMARK [1][-]{section.5.32}{\376\377\0005\000.\0003\0002\000\040\000t\000e\000x\000l\000a\000.\000P\000a\000r\000s\000e\000r\000.\000B\000l\000o\000c\000k\000s\000.\000T\000h\000e\000o\000r\000e\000m\000B\000l\000o\000c\000k\000s\000.\000P\000r\000o\000o\000f\000B\000l\000o\000c\000k\000\040\000C\000l\000a\000s\000s\000\040\000R\000e\000f\000e\000r\000e\000n\000c\000e}{chapter.5}% 134
\BOOKMARK [2][-]{subsection.5.32.1}{\376\377\0005\000.\0003\0002\000.\0001\000\040\000D\000e\000t\000a\000i\000l\000e\000d\000\040\000D\000e\000s\000c\000r\000i\000p\000t\000i\000o\000n}{section.5.32}% 135
\BOOKMARK [1][-]{section.5.33}{\376\377\0005\000.\0003\0003\000\040\000t\000e\000x\000l\000a\000.\000P\000a\000r\000s\000e\000r\000.\000B\000l\000o\000c\000k\000s\000.\000N\000o\000t\000e\000B\000l\000o\000c\000k\000s\000.\000Q\000u\000o\000t\000a\000t\000i\000o\000n\000B\000l\000o\000c\000k\000\040\000C\000l\000a\000s\000s\000\040\000R\000e\000f\000e\000r\000e\000n\000c\000e}{chapter.5}% 136
\BOOKMARK [1][-]{section.5.34}{\376\377\0005\000.\0003\0004\000\040\000t\000e\000x\000l\000a\000.\000P\000a\000r\000s\000e\000r\000.\000B\000l\000o\000c\000k\000s\000.\000R\000e\000f\000e\000r\000e\000n\000c\000e\000B\000l\000o\000c\000k\000s\000.\000R\000e\000f\000B\000l\000o\000c\000k\000\040\000C\000l\000a\000s\000s\000\040\000R\000e\000f\000e\000r\000e\000n\000c\000e}{chapter.5}% 137
\BOOKMARK [2][-]{subsection.5.34.1}{\376\377\0005\000.\0003\0004\000.\0001\000\040\000D\000e\000t\000a\000i\000l\000e\000d\000\040\000D\000e\000s\000c\000r\000i\000p\000t\000i\000o\000n}{section.5.34}% 138
\BOOKMARK [1][-]{section.5.35}{\376\377\0005\000.\0003\0005\000\040\000t\000e\000x\000l\000a\000.\000R\000e\000n\000d\000e\000r\000e\000r\000s\000.\000R\000e\000n\000d\000e\000r\000e\000r\000.\000R\000e\000n\000d\000e\000r\000e\000r\000\040\000C\000l\000a\000s\000s\000\040\000R\000e\000f\000e\000r\000e\000n\000c\000e}{chapter.5}% 139
\BOOKMARK [2][-]{subsection.5.35.1}{\376\377\0005\000.\0003\0005\000.\0001\000\040\000M\000e\000m\000b\000e\000r\000\040\000F\000u\000n\000c\000t\000i\000o\000n\000\040\000D\000o\000c\000u\000m\000e\000n\000t\000a\000t\000i\000o\000n}{section.5.35}% 140
\BOOKMARK [3][-]{subsubsection.5.35.1.1}{\376\377\0005\000.\0003\0005\000.\0001\000.\0001\000\040\000r\000e\000g\000i\000s\000t\000e\000r\000\137\000r\000e\000n\000d\000e\000r\000\137\000h\000o\000o\000k\000s\000\050\000\051}{subsection.5.35.1}% 141
\BOOKMARK [3][-]{subsubsection.5.35.1.2}{\376\377\0005\000.\0003\0005\000.\0001\000.\0002\000\040\000r\000e\000g\000i\000s\000t\000e\000r\000\137\000r\000e\000n\000d\000e\000r\000e\000r\000\137\000h\000o\000o\000k\000\050\000\051}{subsection.5.35.1}% 142
\BOOKMARK [3][-]{subsubsection.5.35.1.3}{\376\377\0005\000.\0003\0005\000.\0001\000.\0003\000\040\000r\000e\000n\000d\000e\000r\000\137\000b\000l\000o\000c\000k\000\050\000\051}{subsection.5.35.1}% 143
\BOOKMARK [3][-]{subsubsection.5.35.1.4}{\376\377\0005\000.\0003\0005\000.\0001\000.\0004\000\040\000r\000e\000n\000d\000e\000r\000\137\000b\000l\000o\000c\000k\000s\000\050\000\051}{subsection.5.35.1}% 144
\BOOKMARK [3][-]{subsubsection.5.35.1.5}{\376\377\0005\000.\0003\0005\000.\0001\000.\0005\000\040\000r\000e\000n\000d\000e\000r\000\137\000c\000h\000i\000l\000d\000r\000e\000n\000\137\000b\000l\000o\000c\000k\000s\000\050\000\051}{subsection.5.35.1}% 145
\BOOKMARK [1][-]{section.5.36}{\376\377\0005\000.\0003\0006\000\040\000t\000e\000x\000l\000a\000.\000P\000a\000r\000s\000e\000r\000.\000B\000l\000o\000c\000k\000s\000.\000S\000e\000c\000t\000i\000o\000n\000B\000l\000o\000c\000k\000.\000S\000e\000c\000t\000i\000o\000n\000B\000l\000o\000c\000k\000\040\000C\000l\000a\000s\000s\000\040\000R\000e\000f\000e\000r\000e\000n\000c\000e}{chapter.5}% 146
\BOOKMARK [2][-]{subsection.5.36.1}{\376\377\0005\000.\0003\0006\000.\0001\000\040\000C\000o\000n\000s\000t\000r\000u\000c\000t\000o\000r\000\040\000\046\000\040\000D\000e\000s\000t\000r\000u\000c\000t\000o\000r\000\040\000D\000o\000c\000u\000m\000e\000n\000t\000a\000t\000i\000o\000n}{section.5.36}% 147
\BOOKMARK [3][-]{subsubsection.5.36.1.1}{\376\377\0005\000.\0003\0006\000.\0001\000.\0001\000\040\000\137\000\137\000i\000n\000i\000t\000\137\000\137\000\050\000\051}{subsection.5.36.1}% 148
\BOOKMARK [1][-]{section.5.37}{\376\377\0005\000.\0003\0007\000\040\000t\000e\000x\000l\000a\000.\000P\000a\000r\000s\000e\000r\000.\000B\000l\000o\000c\000k\000s\000.\000S\000p\000a\000c\000e\000B\000l\000o\000c\000k\000.\000S\000p\000a\000c\000e\000B\000l\000o\000c\000k\000\040\000C\000l\000a\000s\000s\000\040\000R\000e\000f\000e\000r\000e\000n\000c\000e}{chapter.5}% 149
\BOOKMARK [2][-]{subsection.5.37.1}{\376\377\0005\000.\0003\0007\000.\0001\000\040\000D\000e\000t\000a\000i\000l\000e\000d\000\040\000D\000e\000s\000c\000r\000i\000p\000t\000i\000o\000n}{section.5.37}% 150
\BOOKMARK [1][-]{section.5.38}{\376\377\0005\000.\0003\0008\000\040\000t\000e\000x\000l\000a\000.\000P\000a\000r\000s\000e\000r\000.\000B\000l\000o\000c\000k\000s\000.\000T\000e\000x\000t\000B\000l\000o\000c\000k\000s\000.\000S\000p\000e\000c\000i\000a\000l\000C\000h\000a\000r\000a\000c\000t\000e\000r\000B\000l\000o\000c\000k\000\040\000C\000l\000a\000s\000s\000\040\000R\000e\000f\000e\000r\000e\000n\000c\000e}{chapter.5}% 151
\BOOKMARK [1][-]{section.5.39}{\376\377\0005\000.\0003\0009\000\040\000t\000e\000x\000l\000a\000.\000P\000a\000r\000s\000e\000r\000.\000B\000l\000o\000c\000k\000s\000.\000T\000a\000b\000u\000l\000a\000r\000B\000l\000o\000c\000k\000s\000.\000T\000a\000b\000u\000l\000a\000r\000B\000l\000o\000c\000k\000\040\000C\000l\000a\000s\000s\000\040\000R\000e\000f\000e\000r\000e\000n\000c\000e}{chapter.5}% 152
\BOOKMARK [2][-]{subsection.5.39.1}{\376\377\0005\000.\0003\0009\000.\0001\000\040\000M\000e\000m\000b\000e\000r\000\040\000F\000u\000n\000c\000t\000i\000o\000n\000\040\000D\000o\000c\000u\000m\000e\000n\000t\000a\000t\000i\000o\000n}{section.5.39}% 153
\BOOKMARK [3][-]{subsubsection.5.39.1.1}{\376\377\0005\000.\0003\0009\000.\0001\000.\0001\000\040\000g\000e\000t\000\137\000s\000p\000e\000c\000\137\000d\000i\000c\000t\000i\000o\000n\000a\000r\000y\000\050\000\051}{subsection.5.39.1}% 154
\BOOKMARK [1][-]{section.5.40}{\376\377\0005\000.\0004\0000\000\040\000t\000e\000x\000l\000a\000.\000P\000a\000r\000s\000e\000r\000.\000B\000l\000o\000c\000k\000s\000.\000T\000e\000x\000t\000B\000l\000o\000c\000k\000s\000.\000T\000e\000x\000t\000B\000l\000o\000c\000k\000\040\000C\000l\000a\000s\000s\000\040\000R\000e\000f\000e\000r\000e\000n\000c\000e}{chapter.5}% 155
\BOOKMARK [2][-]{subsection.5.40.1}{\376\377\0005\000.\0004\0000\000.\0001\000\040\000C\000o\000n\000s\000t\000r\000u\000c\000t\000o\000r\000\040\000\046\000\040\000D\000e\000s\000t\000r\000u\000c\000t\000o\000r\000\040\000D\000o\000c\000u\000m\000e\000n\000t\000a\000t\000i\000o\000n}{section.5.40}% 156
\BOOKMARK [3][-]{subsubsection.5.40.1.1}{\376\377\0005\000.\0004\0000\000.\0001\000.\0001\000\040\000\137\000\137\000i\000n\000i\000t\000\137\000\137\000\050\000\051}{subsection.5.40.1}% 157
\BOOKMARK [2][-]{subsection.5.40.2}{\376\377\0005\000.\0004\0000\000.\0002\000\040\000M\000e\000m\000b\000e\000r\000\040\000F\000u\000n\000c\000t\000i\000o\000n\000\040\000D\000o\000c\000u\000m\000e\000n\000t\000a\000t\000i\000o\000n}{section.5.40}% 158
\BOOKMARK [3][-]{subsubsection.5.40.2.1}{\376\377\0005\000.\0004\0000\000.\0002\000.\0001\000\040\000f\000i\000x\000\137\000t\000e\000x\000t\000\050\000\051}{subsection.5.40.2}% 159
\BOOKMARK [3][-]{subsubsection.5.40.2.2}{\376\377\0005\000.\0004\0000\000.\0002\000.\0002\000\040\000p\000a\000r\000s\000e\000\137\000p\000l\000a\000i\000n\000\137\000t\000e\000x\000t\000\050\000\051}{subsection.5.40.2}% 160
\BOOKMARK [1][-]{section.5.41}{\376\377\0005\000.\0004\0001\000\040\000t\000e\000x\000l\000a\000.\000P\000a\000r\000s\000e\000r\000.\000B\000l\000o\000c\000k\000s\000.\000T\000h\000e\000o\000r\000e\000m\000B\000l\000o\000c\000k\000s\000.\000T\000h\000e\000o\000r\000e\000m\000\040\000C\000l\000a\000s\000s\000\040\000R\000e\000f\000e\000r\000e\000n\000c\000e}{chapter.5}% 161
\BOOKMARK [2][-]{subsection.5.41.1}{\376\377\0005\000.\0004\0001\000.\0001\000\040\000D\000e\000t\000a\000i\000l\000e\000d\000\040\000D\000e\000s\000c\000r\000i\000p\000t\000i\000o\000n}{section.5.41}% 162
\BOOKMARK [1][-]{section.5.42}{\376\377\0005\000.\0004\0002\000\040\000t\000e\000x\000l\000a\000.\000P\000a\000r\000s\000e\000r\000.\000B\000l\000o\000c\000k\000s\000.\000T\000h\000e\000o\000r\000e\000m\000B\000l\000o\000c\000k\000s\000.\000T\000h\000e\000o\000r\000e\000m\000B\000l\000o\000c\000k\000\040\000C\000l\000a\000s\000s\000\040\000R\000e\000f\000e\000r\000e\000n\000c\000e}{chapter.5}% 163
\BOOKMARK [2][-]{subsection.5.42.1}{\376\377\0005\000.\0004\0002\000.\0001\000\040\000D\000e\000t\000a\000i\000l\000e\000d\000\040\000D\000e\000s\000c\000r\000i\000p\000t\000i\000o\000n}{section.5.42}% 164
\BOOKMARK [1][-]{section.5.43}{\376\377\0005\000.\0004\0003\000\040\000t\000e\000x\000l\000a\000.\000P\000a\000r\000s\000e\000r\000.\000B\000l\000o\000c\000k\000s\000.\000V\000e\000r\000b\000a\000t\000i\000m\000B\000l\000o\000c\000k\000.\000V\000e\000r\000b\000a\000t\000i\000m\000B\000l\000o\000c\000k\000\040\000C\000l\000a\000s\000s\000\040\000R\000e\000f\000e\000r\000e\000n\000c\000e}{chapter.5}% 165
\BOOKMARK [2][-]{subsection.5.43.1}{\376\377\0005\000.\0004\0003\000.\0001\000\040\000D\000e\000t\000a\000i\000l\000e\000d\000\040\000D\000e\000s\000c\000r\000i\000p\000t\000i\000o\000n}{section.5.43}% 166
